Flow report for aes
Fri Oct 11 16:09:35 2019
Quartus II 64-Bit Version 13.0.0 Build 156 04/24/2013 SJ Web Edition


---------------------
; Table of Contents ;
---------------------
  1. Legal Notice
  2. Flow Summary
  3. Flow Settings
  4. Flow Non-Default Global Settings
  5. Flow Elapsed Time
  6. Flow OS Summary
  7. Flow Log
  8. Flow Messages
  9. Flow Suppressed Messages



----------------
; Legal Notice ;
----------------
Copyright (C) 1991-2013 Altera Corporation
Your use of Altera Corporation's design tools, logic functions 
and other software and tools, and its AMPP partner logic 
functions, and any output files from any of the foregoing 
(including device programming or simulation files), and any 
associated documentation or information are expressly subject 
to the terms and conditions of the Altera Program License 
Subscription Agreement, Altera MegaCore Function License 
Agreement, or other applicable license agreement, including, 
without limitation, that your use is for the sole purpose of 
programming logic devices manufactured by Altera and sold by 
Altera or its authorized distributors.  Please refer to the 
applicable agreement for further details.



+---------------------------------------------------------------------------------+
; Flow Summary                                                                    ;
+------------------------------------+--------------------------------------------+
; Flow Status                        ; Successful - Fri Oct 11 16:09:35 2019      ;
; Quartus II 64-Bit Version          ; 13.0.0 Build 156 04/24/2013 SJ Web Edition ;
; Revision Name                      ; aes                                        ;
; Top-level Entity Name              ; aes                                        ;
; Family                             ; Cyclone IV GX                              ;
; Total logic elements               ; 384 / 109,424 ( < 1 % )                    ;
;     Total combinational functions  ; 128 / 109,424 ( < 1 % )                    ;
;     Dedicated logic registers      ; 384 / 109,424 ( < 1 % )                    ;
; Total registers                    ; 384                                        ;
; Total pins                         ; 385 / 508 ( 76 % )                         ;
; Total virtual pins                 ; 0                                          ;
; Total memory bits                  ; 32,768 / 5,621,760 ( < 1 % )               ;
; Embedded Multiplier 9-bit elements ; 0 / 560 ( 0 % )                            ;
; Total GXB Receiver Channel PCS     ; 0 / 8 ( 0 % )                              ;
; Total GXB Receiver Channel PMA     ; 0 / 8 ( 0 % )                              ;
; Total GXB Transmitter Channel PCS  ; 0 / 8 ( 0 % )                              ;
; Total GXB Transmitter Channel PMA  ; 0 / 8 ( 0 % )                              ;
; Total PLLs                         ; 0 / 8 ( 0 % )                              ;
; Device                             ; EP4CGX110DF31C7                            ;
; Timing Models                      ; Final                                      ;
+------------------------------------+--------------------------------------------+


+-----------------------------------------+
; Flow Settings                           ;
+-------------------+---------------------+
; Option            ; Setting             ;
+-------------------+---------------------+
; Start date & time ; 10/11/2019 16:07:56 ;
; Main task         ; Compilation         ;
; Revision Name     ; aes                 ;
+-------------------+---------------------+


+-----------------------------------------------------------------------------------------------------------------+
; Flow Non-Default Global Settings                                                                                ;
+-------------------------------------+--------------------------------+---------------+-------------+------------+
; Assignment Name                     ; Value                          ; Default Value ; Entity Name ; Section Id ;
+-------------------------------------+--------------------------------+---------------+-------------+------------+
; COMPILER_SIGNATURE_ID               ; 53447171764644.157082087608732 ; --            ; --          ; --         ;
; PARTITION_COLOR                     ; 16764057                       ; --            ; --          ; Top        ;
; PARTITION_FITTER_PRESERVATION_LEVEL ; PLACEMENT_AND_ROUTING          ; --            ; --          ; Top        ;
; PARTITION_NETLIST_TYPE              ; SOURCE                         ; --            ; --          ; Top        ;
+-------------------------------------+--------------------------------+---------------+-------------+------------+


+-------------------------------------------------------------------------------------------------------------------------------+
; Flow Elapsed Time                                                                                                             ;
+---------------------------+--------------+-------------------------+---------------------+------------------------------------+
; Module Name               ; Elapsed Time ; Average Processors Used ; Peak Virtual Memory ; Total CPU Time (on all processors) ;
+---------------------------+--------------+-------------------------+---------------------+------------------------------------+
; Analysis & Synthesis      ; 00:00:03     ; 1.0                     ; 4713 MB             ; 00:00:03                           ;
; Fitter                    ; 00:00:40     ; 1.0                     ; 5210 MB             ; 00:00:40                           ;
; Assembler                 ; 00:00:05     ; 1.0                     ; 4648 MB             ; 00:00:06                           ;
; TimeQuest Timing Analyzer ; 00:00:03     ; 1.0                     ; 4690 MB             ; 00:00:03                           ;
; EDA Netlist Writer        ; 00:00:01     ; 1.0                     ; 4589 MB             ; 00:00:01                           ;
; EDA Netlist Writer        ; 00:00:01     ; 1.0                     ; 4604 MB             ; 00:00:01                           ;
; Total                     ; 00:00:53     ; --                      ; --                  ; 00:00:54                           ;
+---------------------------+--------------+-------------------------+---------------------+------------------------------------+


+----------------------------------------------------------------------------------------+
; Flow OS Summary                                                                        ;
+---------------------------+------------------+-----------+------------+----------------+
; Module Name               ; Machine Hostname ; OS Name   ; OS Version ; Processor type ;
+---------------------------+------------------+-----------+------------+----------------+
; Analysis & Synthesis      ; DESKTOP-2K85BVG  ; Windows 7 ; 6.2        ; x86_64         ;
; Fitter                    ; DESKTOP-2K85BVG  ; Windows 7 ; 6.2        ; x86_64         ;
; Assembler                 ; DESKTOP-2K85BVG  ; Windows 7 ; 6.2        ; x86_64         ;
; TimeQuest Timing Analyzer ; DESKTOP-2K85BVG  ; Windows 7 ; 6.2        ; x86_64         ;
; EDA Netlist Writer        ; DESKTOP-2K85BVG  ; Windows 7 ; 6.2        ; x86_64         ;
; EDA Netlist Writer        ; DESKTOP-2K85BVG  ; Windows 7 ; 6.2        ; x86_64         ;
+---------------------------+------------------+-----------+------------+----------------+


------------
; Flow Log ;
------------
quartus_map --read_settings_files=on --write_settings_files=off aes -c aes
quartus_fit --read_settings_files=off --write_settings_files=off aes -c aes
quartus_asm --read_settings_files=off --write_settings_files=off aes -c aes
quartus_sta aes -c aes
quartus_eda --gen_testbench --check_outputs=on --tool=modelsim_oem --format=verilog aes -c aes --vector_source=C:/Users/Arthur/Documents/designs/AES/Waveform.vwf --testbench_file=./simulation/qsim/aes.vt
quartus_eda --functional=on --simulation=on --tool=modelsim_oem --format=verilog aes -c aes



